<?xml version="1.0" encoding="UTF-8"?>
<testsuite xmlns:xsi="http://www.w3.org/2001/XMLSchema-instance" xsi:noNamespaceSchemaLocation="https://maven.apache.org/surefire/maven-surefire-plugin/xsd/surefire-test-report-3.0.xsd" version="3.0" name="TestSuite" time="7.833" tests="2" errors="0" skipped="0" failures="0">
  <properties>
[...]
</properties>
  <testcase name="testSelectedOption" classname="dropdown.DropdownTests" time="0.513">
    <system-err><![CDATA[Starting ChromeDriver 130.0.6723.58 (3a50e012e4c9b8a410a4e2b12bf577e69ee8f755-refs/branch-heads/6723@{#1353}) on port 6113
Only local connections are allowed.
Please see https://chromedriver.chromium.org/security-considerations for suggestions on keeping ChromeDriver safe.
ChromeDriver was started successfully on port 6113.
nov. 17, 2024 5:59:28 PM org.openqa.selenium.remote.ProtocolHandshake createSession
INFO: Detected dialect: W3C
]]></system-err>
  </testcase>
  <testcase name="testSuccessfulLogin" classname="login.LoginTests" time="1.041">
    <system-err><![CDATA[Starting ChromeDriver 130.0.6723.58 (3a50e012e4c9b8a410a4e2b12bf577e69ee8f755-refs/branch-heads/6723@{#1353}) on port 28075
Only local connections are allowed.
Please see https://chromedriver.chromium.org/security-considerations for suggestions on keeping ChromeDriver safe.
ChromeDriver was started successfully on port 28075.
nov. 17, 2024 5:59:32 PM org.openqa.selenium.remote.ProtocolHandshake createSession
INFO: Detected dialect: W3C
]]></system-err>
  </testcase>
</testsuite>