<?xml version="1.0" encoding="UTF-8"?>
<testsuite xmlns:xsi="http://www.w3.org/2001/XMLSchema-instance" xsi:noNamespaceSchemaLocation="https://maven.apache.org/surefire/maven-surefire-plugin/xsd/surefire-test-report-3.0.xsd" version="3.0" name="dropdown.DropdownTests" time="4.755" tests="1" errors="0" skipped="0" failures="0">
  <properties>
[...]
</properties>
  <testcase name="testSelectedOption" classname="dropdown.DropdownTests" time="0.513">
    <system-out><![CDATA[FindOut element By.linkText: Dropdown | ID: 
Clicking on Dropdown
FindOut element By.id: dropdown | ID: dropdown
FindOut element By.xpath: .//option[normalize-space(.) = "Option 1"] | ID: dropdown
Clicking on Option 1
FindOut element By.id: dropdown | ID: dropdown
FindOut element By.tagName: option | ID: dropdown
]]></system-out>
    <system-err><![CDATA[Starting ChromeDriver 131.0.6778.87 (ce31cae9487357cfd3bd62984ed5250121a71a23-refs/branch-heads/6778@{#2287}) on port 12040
Only local connections are allowed.
Please see https://chromedriver.chromium.org/security-considerations for suggestions on keeping ChromeDriver safe.
ChromeDriver was started successfully on port 12040.
[1739250868.464][WARNING]: This version of ChromeDriver has not been tested with Chrome version 132.
fev. 11, 2025 2:14:28 AM org.openqa.selenium.remote.ProtocolHandshake createSession
INFO: Detected dialect: W3C
]]></system-err>
  </testcase>
</testsuite>